Step: build-step-credential-initializer-w4ssd:

{"level":"warn","ts":1565211604.446298,"logger":"fallback-logger","caller":"logging/config.go:65","msg":"Fetch GitHub commit ID from kodata failed: \"ref: refs/heads/master\" is not a valid GitHub commit ID"}
{"level":"info","ts":1565211604.4468296,"logger":"fallback-logger","caller":"creds-init/main.go:40","msg":"Credentials initialized."}
Step: build-step-working-dir-initializer-qm6p6:

{"level":"warn","ts":1565211605.5117786,"logger":"fallback-logger","caller":"logging/config.go:65","msg":"Fetch GitHub commit ID from kodata failed: open /var/run/ko/HEAD: no such file or directory"}
{"level":"info","ts":1565211605.513356,"logger":"fallback-logger","caller":"bash/main.go:65","msg":"Successfully executed command \"mkdir -p /workspace/source\""}
Step: build-step-place-tools:

Step: build-step-git-source-jenkins-x-jenkins-x-versions-pr-bxk24:

{"level":"warn","ts":1565211608.2024548,"logger":"fallback-logger","caller":"logging/config.go:65","msg":"Fetch GitHub commit ID from kodata failed: \"ref: refs/heads/master\" is not a valid GitHub commit ID"}
{"level":"info","ts":1565211611.9440932,"logger":"fallback-logger","caller":"git/git.go:102","msg":"Successfully cloned https://github.com/jenkins-x/jenkins-x-versions @ 93f38d8c1b7454c2b9aa6ad8f6d6cfce77f0364b in path /workspace/source"}
Step: build-step-git-merge:

Warning failed to load version: failed to parse version -dev+9e73adc0b: No Major.Minor.Patch elements found
time="2019-08-07T21:00:12Z" level=info msg="got "
Using SHAs from PULL_REFS=master:af71fb3264b78166e150a1f2f5fd90cf68b96f96,384:93f38d8c1b7454c2b9aa6ad8f6d6cfce77f0364b
ran git fetch --unshallow origin 93f38d8c1b7454c2b9aa6ad8f6d6cfce77f0364b: af71fb3264b78166e150a1f2f5fd90cf68b96f96: in 
ran git checkout master in 
ran git reset --hard af71fb3264b78166e150a1f2f5fd90cf68b96f96 in 
ran clean --force -d . in 
ran git merge 93f38d8c1b7454c2b9aa6ad8f6d6cfce77f0364b in 
Step: build-step-runci:

+ export GH_USERNAME=******************
+ GH_USERNAME=******************
+ export GH_OWNER=cb-kubecd
+ GH_OWNER=cb-kubecd
++ ** step credential -s ******************-github
+ export GH_CREDS_PSW=****************************************
+ GH_CREDS_PSW=****************************************
++ ** step credential -s test-jenkins-user
+ export JENKINS_CREDS_PSW=************
+ JENKINS_CREDS_PSW=************
++ ** step credential -k bdd-credentials.json -s bdd-secret -f sa.json
+ export GKE_SA=sa.json
+ GKE_SA=sa.json
+ export BUILD_NUMBER=
+ BUILD_NUMBER=
+ JX_HOME=/tmp/**home
+ KUBECONFIG=/tmp/**home/config
+ mkdir -p /tmp/**home
+ ** --version
2.0.567
+ ** step git credentials
Generated Git credentials file /builder/home/git/credentials
+ gcloud auth activate-service-account --key-file sa.json
Activated service account credentials for: [*************@*************2.iam.gserviceaccount.com]
+ git config --global --add user.name JenkinsXBot
+ git config --global --add user.email jenkins-x@googlegroups.com
+ echo 'running the BDD tests with JX_HOME = /tmp/**home'
running the BDD tests with JX_HOME = /tmp/**home
+ export JX_VALUE_ADMINUSER_PASSWORD=************
+ JX_VALUE_ADMINUSER_PASSWORD=************
+ export JX_VALUE_PIPELINEUSER_USERNAME=******************
+ JX_VALUE_PIPELINEUSER_USERNAME=******************
+ export JX_VALUE_PIPELINEUSER_TOKEN=****************************************
+ JX_VALUE_PIPELINEUSER_TOKEN=****************************************
+ export JX_VALUE_PROW_HMACTOKEN=****************************************
+ JX_VALUE_PROW_HMACTOKEN=****************************************
+ export JX_BATCH_MODE=true
+ JX_BATCH_MODE=true
+ git clone https://github.com/jenkins-x/jenkins-x-boot-config.git boot-source
Cloning into 'boot-source'...
+ cp **/bdd/boot-local/**-requirements.yml boot-source
+ cp **/bdd/boot-local/parameters.yaml boot-source/env
+ cd boot-source
+ helm init --client-only
Creating /builder/home/.helm 
Creating /builder/home/.helm/repository 
Creating /builder/home/.helm/repository/cache 
Creating /builder/home/.helm/repository/local 
Creating /builder/home/.helm/plugins 
Creating /builder/home/.helm/starters 
Creating /builder/home/.helm/cache/archive 
Creating /builder/home/.helm/repository/repositories.yaml 
Adding stable repo with URL: https://kubernetes-charts.storage.googleapis.com 
Adding local repo with URL: http://127.0.0.1:8879/charts 
$HELM_HOME has been configured at /builder/home/.helm.
Not installing Tiller due to 'client-only' flag having been set
+ helm repo add jenkins-x https://storage.googleapis.com/chartmuseum.jenkins-x.io
"jenkins-x" has been added to your repositories
+ ** step bdd --use-revision --version-repo-pr --versions-repo https://github.com/jenkins-x/jenkins-x-versions.git --config ../**/bdd/boot-local/cluster.yaml --gopath /tmp --git-provider=github --git-username ****************** --git-owner cb-kubecd --git-api-token **************************************** --default-*****-password ************ --no-delete-app --no-delete-repo --tests install --tests test-create-spring
has 1 post create cluster commands
post create command: ** boot -b
found git revision 93f38d8c1b7454c2b9aa6ad8f6d6cfce77f0364b: branch PR-384
using versions git repo https://github.com/jenkins-x/jenkins-x-versions.git and ref 93f38d8c1b7454c2b9aa6ad8f6d6cfce77f0364b

Creating cluster pr-384-388-boot-local
setting the **-requirements.yml version stream ref to: 93f38d8c1b7454c2b9aa6ad8f6d6cfce77f0364b
wrote file **-requirements.yml after setting the cluster name to pr-384-388-boot-local
**-requirements.yml is:
cluster:
  clusterName: pr-384-388-boot-local
  environmentGitOwner: cb-kubecd
  gitKind: github
  gitName: github
  gitServer: https://github.com
  namespace: **
  project: *************2
  provider: gke
  zone: europe-west1-c
environments:
- key: dev
- gitKind: github
  gitServer: https://github.com
  key: staging
  owner: cb-kubecd
  repository: environment-pr-384-388-boot-local-staging
- gitKind: github
  gitServer: https://github.com
  key: production
  owner: cb-kubecd
  repository: environment-pr-384-388-boot-local-production
ingress:
  domain: ""
  externalDNS: false
  namespaceSubDomain: -**.
  tls:
    email: ""
    enabled: false
    production: false
kaniko: true
secretStorage: local
storage:
  logs:
    enabled: false
    url: ""
  reports:
    enabled: false
    url: ""
  repository:
    enabled: false
    url: ""
versionStream:
  ref: 93f38d8c1b7454c2b9aa6ad8f6d6cfce77f0364b
  url: https://github.com/jenkins-x/jenkins-x-versions.git
webhook: prow


WARNING: could not find a stable version from charts of jenkins-x/jenkins-x-platform from 
For background see: https://jenkins-x.io/architecture/version-stream/
Please lock this version down via the command: ** step create version pr -k charts -n jenkins-x/jenkins-x-platform
loaded version  from Makefile in directory 
running command: ** create cluster gke --project-id=*************2 -m=n1-standard-2 --min-num-nodes=3 --max-num-nodes=5 -z=europe-west1-c --skip-login --skip-installation --cluster-name pr-384-388-boot-local --batch-mode --labels cluster=boot-local,branch=pr-384 --git-provider-url https://github.com --versions-repo https://github.com/jenkins-x/jenkins-x-versions.git --versions-ref 93f38d8c1b7454c2b9aa6ad8f6d6cfce77f0364b --git-username ****************** --environment-git-owner cb-kubecd --git-api-token **************¬ --default-*****-password **************¬
? Configured project id: *************2
Updated property [core/project].
? Configured cluster name: pr-384-388-boot-local
? Configured to machine type: n1-standard-2
? Configured to minimum number of nodes: 3
? Configured to maximum number of nodes: 5
Creating cluster...
WARNING: In June 2019, node auto-upgrade will be enabled by default for newly created clusters and node pools. To disable it, use the `--no-enable-autoupgrade` flag.
WARNING: Starting in 1.12, new clusters will have basic authentication disabled by default. Basic authentication can be enabled (or disabled) manually using the `--[no-]enable-basic-auth` flag.
WARNING: Starting in 1.12, new clusters will not have a client certificate issued. You can manually enable (or disable) the issuance of the client certificate using the `--[no-]issue-client-certificate` flag.
WARNING: Currently VPC-native is not the default mode during cluster creation. In the future, this will become the default mode and can be disabled using `--no-enable-ip-alias` flag. Use `--[no-]enable-ip-alias` flag to suppress this warning.
WARNING: Starting in 1.12, default node pools in new clusters will have their legacy Compute Engine instance metadata endpoints disabled by default. To create a cluster with legacy instance metadata endpoints disabled in the default node pool, run `clusters create` with the flag `--metadata disable-legacy-endpoints=true`.
WARNING: Your Pod address range (`--cluster-ipv4-cidr`) can accommodate at most 1008 node(s). 
This will enable the autorepair feature for nodes. Please see https://cloud.google.com/kubernetes-engine/docs/node-auto-repair for more information on node autorepairs.
ERROR: (gcloud.container.clusters.create) ResponseError: code=409, message=Already exists: projects/*************2/zones/europe-west1-c/clusters/pr-384-388-boot-local.
ERROR: Error: Command failed  gcloud container clusters create pr-384-388-boot-local --num-nodes 3 --machine-type n1-standard-2 --enable-autoscaling --min-nodes 3 --max-nodes 5 --zone europe-west1-c --labels=cluster=boot-local,branch=pr-384,created-by=root,create-time=wed-aug-7-2019-21-00-26
ERROR: error creating cluster exit status 1
error: exit status 1
ERROR: Error: Command failed  ** create cluster gke --project-id=*************2 -m=n1-standard-2 --min-num-nodes=3 --max-num-nodes=5 -z=europe-west1-c --skip-login --skip-installation --cluster-name pr-384-388-boot-local --batch-mode --labels cluster=boot-local,branch=pr-384 --git-provider-url https://github.com --versions-repo https://github.com/jenkins-x/jenkins-x-versions.git --versions-ref 93f38d8c1b7454c2b9aa6ad8f6d6cfce77f0364b --git-username ****************** --environment-git-owner cb-kubecd --git-api-token **************¬ --default-*****-password **************¬
error: exit status 1
